------ Monitoreo del sistema 2025-11-15 18:21:38 ------
18:21:38 CPU: %
18:21:38 RAM: 42.9%
18:21:38 DISCO: 27%
------ Monitoreo del sistema 2025-11-15 18:22:28 ------
18:22:28 CPU:14,3%
18:22:28 RAM:43%
18:22:28 DISCO:27%
------ Monitoreo del sistema 2025-11-15 18:22:41 ------
18:22:41 CPU: %
18:22:41 RAM: 43.2%
18:22:41 DISCO: 27%
------ Monitoreo del sistema 2025-11-15 18:26:22 ------
18:26:23 CPU: %
18:26:23 RAM: 43.5%
18:26:23 DISCO: 27%
------ Monitoreo del sistema 2025-11-15 18:26:36 ------
18:26:37 CPU: 11,5%
18:26:37 RAM: 44.0%
18:26:37 DISCO: 27%
